ubuntu@ip-172-31-93-15:/opt/rds$ python3 rds_advanced.py


Using mysql.connector
---------------------
Employee (1): Leslie, Andrews - leslie@luv2code.com
Employee (2): Emma, Baumgarten - emma@luv2code.com
Employee (3): Avani, Gupta - avani@luv2code.com
Employee (4): Yuri, Petrov - yuri@luv2code.com
Employee (5): Juan, Vega - juan@luv2code.com

Getting the employee 1
Object found in cache, not looking in DB
Employee (1): Leslie, Andrews - leslie@luv2code.com
ubuntu@ip-172-31-93-15:/opt/rds$ python3 rds_advanced.py


Using mysql.connector
---------------------
Employee (1): Leslie, Andrews - leslie@luv2code.com
Employee (2): Emma, Baumgarten - emma@luv2code.com
Employee (3): Avani, Gupta - avani@luv2code.com
Employee (4): Yuri, Petrov - yuri@luv2code.com
Employee (5): Juan, Vega - juan@luv2code.com

Getting the employee 1
Object found in cache, not looking in DB
Employee (1): Leslie, Andrews - leslie@luv2code.com